\BOOKMARK [0][]{sjtubookmark.1.0}{\376\377\230\230\124\015\230\165}{}% 1
\BOOKMARK [0][]{sjtubookmark.2.0}{\376\377\123\237\122\033\140\047\130\360\146\016\123\312\117\177\165\050\143\210\147\103\116\146}{}% 2
\BOOKMARK [0][]{sjtubookmark.3.0}{\376\377\144\130\211\201}{}% 3
\BOOKMARK [0][]{sjtubookmark.4.0}{\376\377\000A\000b\000s\000t\000r\000a\000c\000t}{}% 4
\BOOKMARK [0][]{sjtubookmark.5.0}{\376\377\166\356\137\125}{}% 5
\BOOKMARK [0][]{sjtubookmark.6.0}{\376\377\143\322\126\376}{}% 6
\BOOKMARK [0][]{sjtubookmark.7.0}{\376\377\210\150\150\074}{}% 7
\BOOKMARK [0][]{chapter.1}{\376\377\173\054\000\040\0001\000\040\172\340\000\040\176\352\213\272}{}% 8
\BOOKMARK [1][-]{section.1.1}{\376\377\0001\000.\0001\000\040\170\024\172\166\200\314\146\157\116\016\141\017\116\111}{chapter.1}% 9
\BOOKMARK [1][-]{section.1.2}{\376\377\0001\000.\0002\000\040\170\024\172\166\163\260\162\266\116\016\133\130\127\050\225\356\230\230}{chapter.1}% 10
\BOOKMARK [2][-]{subsection.1.2.1}{\376\377\0001\000.\0002\000.\0001\000\040\000G\000N\000S\000S\000\040\137\071\140\047\122\237\163\207\123\312\121\166\150\300\155\113\142\200\147\057\170\024\172\166\163\260\162\266}{section.1.2}% 11
\BOOKMARK [2][-]{subsection.1.2.2}{\376\377\0001\000.\0002\000.\0002\000\040\000G\000N\000S\000S\146\037\217\175\213\276\131\007\220\145\155\113\137\002\136\070\150\300\155\113\142\200\147\057\170\024\172\166\163\260\162\266}{section.1.2}% 12
\BOOKMARK [2][-]{subsection.1.2.3}{\376\377\0001\000.\0002\000.\0003\000\040\000G\000N\000S\000S\000\040\123\153\146\037\172\357\120\117\135\356\133\371\174\276\133\306\133\232\117\115\137\161\124\315\166\204\170\024\172\166\163\260\162\266}{section.1.2}% 13
\BOOKMARK [1][-]{section.1.3}{\376\377\0001\000.\0003\000\040\147\054\145\207\170\024\172\166\121\205\133\271}{chapter.1}% 14
\BOOKMARK [1][-]{section.1.4}{\376\377\0001\000.\0004\000\040\147\054\145\207\176\304\176\307\147\266\147\204}{chapter.1}% 15
\BOOKMARK [0][]{chapter.2}{\376\377\173\054\000\040\0002\000\040\172\340\000\040\000G\000N\000S\000S\137\071\140\047\122\237\163\207\147\072\164\006\116\016\137\161\124\315}{}% 16
\BOOKMARK [1][-]{section.2.1}{\376\377\0002\000.\0001\000\040\000G\000N\000S\000S\137\071\140\047\122\237\163\207\166\204\133\232\116\111}{chapter.2}% 17
\BOOKMARK [2][-]{subsection.2.1.1}{\376\377\0002\000.\0001\000.\0001\000\040\133\232\116\111}{section.2.1}% 18
\BOOKMARK [2][-]{subsection.2.1.2}{\376\377\0002\000.\0001\000.\0002\000\040\123\206\123\362\116\213\116\366}{section.2.1}% 19
\BOOKMARK [1][-]{section.2.2}{\376\377\0002\000.\0002\000\040\000G\000N\000S\000S\137\071\140\047\122\237\163\207\166\204\162\171\137\201}{chapter.2}% 20
\BOOKMARK [2][-]{subsection.2.2.1}{\376\377\0002\000.\0002\000.\0001\000\040\137\071\140\047\122\237\163\207\166\204\116\015\124\014\152\041\137\017\116\016\123\357\211\306\123\026}{section.2.2}% 21
\BOOKMARK [1][-]{section.2.3}{\376\377\0002\000.\0003\000\040\000G\000N\000S\000S\137\071\140\047\122\237\163\207\133\371\133\232\117\115\145\160\143\156\166\204\137\161\124\315}{chapter.2}% 22
\BOOKMARK [2][-]{subsection.2.3.1}{\376\377\0002\000.\0003\000.\0001\000\040\000G\000N\000S\000S\137\071\140\047\122\237\163\207\133\371\217\175\126\152\153\324\377\010\000C\000/\000N\0000\377\011\166\204\137\161\124\315}{section.2.3}% 23
\BOOKMARK [2][-]{subsection.2.3.2}{\376\377\0002\000.\0003\000.\0002\000\040\000G\000N\000S\000S\137\071\140\047\122\237\163\207\133\371\000D\000C\000B\166\204\137\161\124\315}{section.2.3}% 24
\BOOKMARK [1][-]{section.2.4}{\376\377\0002\000.\0004\000\040\147\054\172\340\134\017\176\323}{chapter.2}% 25
\BOOKMARK [0][]{chapter.3}{\376\377\173\054\000\040\0003\000\040\172\340\000\040\127\372\116\216\217\175\126\152\153\324\145\366\136\217\166\204\137\071\140\047\122\237\163\207\137\002\136\070\150\300\155\113\145\271\154\325}{}% 26
\BOOKMARK [1][-]{section.3.1}{\376\377\0003\000.\0001\000\040\163\260\147\011\150\300\155\113\145\271\154\325}{chapter.3}% 27
\BOOKMARK [1][-]{section.3.2}{\376\377\0003\000.\0002\000\040\137\071\140\047\122\237\163\207\150\300\155\113\225\356\230\230\133\232\116\111}{chapter.3}% 28
\BOOKMARK [2][-]{subsection.3.2.1}{\376\377\0003\000.\0002\000.\0001\000\040\150\300\155\113\127\072\146\157}{section.3.2}% 29
\BOOKMARK [2][-]{subsection.3.2.2}{\376\377\0003\000.\0002\000.\0002\000\040\211\302\155\113\116\016\162\266\140\001\136\372\152\041}{section.3.2}% 30
\BOOKMARK [2][-]{subsection.3.2.3}{\376\377\0003\000.\0002\000.\0003\000\040\150\300\155\113\213\304\117\060\150\007\121\306}{section.3.2}% 31
\BOOKMARK [1][-]{section.3.3}{\376\377\0003\000.\0003\000\040\127\372\116\216\156\321\122\250\172\227\123\343\176\337\213\241\162\171\137\201\166\204\150\300\155\113\145\271\154\325\377\010\000F\000P\000D\377\011}{chapter.3}% 32
\BOOKMARK [1][-]{section.3.4}{\376\377\0003\000.\0004\000\040\127\372\116\216\122\250\140\001\145\366\225\364\211\304\122\022\166\204\135\356\122\006\150\300\155\113\145\271\154\325\377\010\000A\000F\000P\000D\000-\000D\000T\000W\377\011}{chapter.3}% 33
\BOOKMARK [2][-]{subsection.3.4.1}{\376\377\0003\000.\0004\000.\0001\000\040\000A\000F\000P\000D\000-\000D\000T\000W\131\004\164\006\155\101\172\013}{section.3.4}% 34
\BOOKMARK [2][-]{subsection.3.4.2}{\376\377\0003\000.\0004\000.\0002\000\040\000A\000F\000P\000D\000-\000D\000T\000W\150\300\155\113\145\271\154\325}{section.3.4}% 35
\BOOKMARK [2][-]{subsection.3.4.3}{\376\377\0003\000.\0004\000.\0003\000\040\226\010\120\074\173\126\165\145}{section.3.4}% 36
\BOOKMARK [2][-]{subsection.3.4.4}{\376\377\0003\000.\0004\000.\0004\000\040\145\160\143\156\147\145\156\220\116\016\230\204\131\004\164\006}{section.3.4}% 37
\BOOKMARK [2][-]{subsection.3.4.5}{\376\377\0003\000.\0004\000.\0005\000\040\127\372\116\216\000A\000F\000P\000D\000-\000D\000T\000W\145\271\154\325\166\204\150\300\155\113\176\323\147\234}{section.3.4}% 38
\BOOKMARK [1][-]{section.3.5}{\376\377\0003\000.\0005\000\040\127\372\116\216\155\361\136\246\133\146\116\140\166\204\150\300\155\113\145\271\154\325\377\010\000D\000L\000F\000P\000D\377\011}{chapter.3}% 39
\BOOKMARK [2][-]{subsection.3.5.1}{\376\377\0003\000.\0005\000.\0001\000\040\000D\000L\000F\000P\000D\145\271\154\325}{section.3.5}% 40
\BOOKMARK [2][-]{subsection.3.5.2}{\376\377\0003\000.\0005\000.\0002\000\040\145\160\143\156\226\306\116\016\133\236\232\214\213\276\213\241}{section.3.5}% 41
\BOOKMARK [2][-]{subsection.3.5.3}{\376\377\0003\000.\0005\000.\0003\000\040\133\236\232\214\176\323\147\234}{section.3.5}% 42
\BOOKMARK [2][-]{subsection.3.5.4}{\376\377\0003\000.\0005\000.\0004\000\040\155\210\207\215\133\236\232\214\176\323\147\234}{section.3.5}% 43
\BOOKMARK [1][-]{section.3.6}{\376\377\0003\000.\0006\000\040\147\054\172\340\134\017\176\323}{chapter.3}% 44
\BOOKMARK [0][]{chapter.4}{\376\377\173\054\000\040\0004\000\040\172\340\000\040\000G\000N\000S\000S\146\037\217\175\116\247\124\301\131\032\176\364\145\366\136\217\137\002\136\070\150\300\155\113\145\271\154\325}{}% 45
\BOOKMARK [1][-]{section.4.1}{\376\377\0004\000.\0001\000\040\146\037\217\175\213\276\131\007\137\002\136\070\133\232\116\111}{chapter.4}% 46
\BOOKMARK [1][-]{section.4.2}{\376\377\0004\000.\0002\000\040\163\260\147\011\146\037\217\175\213\276\131\007\137\002\136\070\150\300\155\113\145\271\154\325\116\016\177\072\226\167}{chapter.4}% 47
\BOOKMARK [1][-]{section.4.3}{\376\377\0004\000.\0003\000\040\127\372\116\216\145\160\143\156\131\032\176\364\220\145\155\113\145\366\136\217\117\341\123\367\166\204\137\002\136\070\150\300\155\113\145\271\154\325}{chapter.4}% 48
\BOOKMARK [2][-]{subsection.4.3.1}{\376\377\0004\000.\0003\000.\0001\000\040\127\372\116\216\207\215\124\010\131\032\172\227\123\343\176\337\213\241\162\171\137\201\166\204\000L\000S\000T\000M\201\352\177\026\170\001\126\150\220\145\155\113\145\160\143\156\137\002\136\070\150\300\155\113}{section.4.3}% 49
\BOOKMARK [2][-]{subsection.4.3.2}{\376\377\0004\000.\0003\000.\0002\000\040\127\372\116\216\000S\000T\000L\122\006\211\343\166\204\000L\000S\000T\000M\000-\000C\000N\000N\155\367\124\010\201\352\177\026\170\001\126\150\137\002\136\070\150\300\155\113}{section.4.3}% 50
\BOOKMARK [1][-]{section.4.4}{\376\377\0004\000.\0004\000\040\147\054\172\340\134\017\176\323}{chapter.4}% 51
\BOOKMARK [0][]{chapter.5}{\376\377\173\054\000\040\0005\000\040\172\340\000\040\000G\000N\000S\000S\116\213\116\366\133\371\133\232\117\115\140\047\200\375\137\161\124\315\213\304\117\060}{}% 52
\BOOKMARK [1][-]{section.5.1}{\376\377\0005\000.\0001\000\040\000P\000P\000P\123\237\131\313\211\302\155\113\145\271\172\013\123\312\121\375\145\160\152\041\127\213}{chapter.5}% 53
\BOOKMARK [2][-]{subsection.5.1.1}{\376\377\0005\000.\0001\000.\0001\000\040\123\237\131\313\211\302\155\113\145\271\172\013}{section.5.1}% 54
\BOOKMARK [2][-]{subsection.5.1.2}{\376\377\0005\000.\0001\000.\0002\000\040\123\314\230\221\000I\000F\176\304\124\010\152\041\127\213}{section.5.1}% 55
\BOOKMARK [2][-]{subsection.5.1.3}{\376\377\0005\000.\0001\000.\0003\000\040\227\136\135\356\227\136\176\304\124\010\152\041\127\213}{section.5.1}% 56
\BOOKMARK [2][-]{subsection.5.1.4}{\376\377\0005\000.\0001\000.\0004\000\040\123\125\230\221\152\041\127\213}{section.5.1}% 57
\BOOKMARK [1][-]{section.5.2}{\376\377\0005\000.\0002\000\040\145\160\143\156\226\306\116\016\133\236\232\214\213\276\213\241}{chapter.5}% 58
\BOOKMARK [2][-]{subsection.5.2.1}{\376\377\0005\000.\0002\000.\0001\000\040\133\236\232\214\145\160\143\156\220\011\123\326\116\016\116\213\116\366\143\317\217\360}{section.5.2}% 59
\BOOKMARK [2][-]{subsection.5.2.2}{\376\377\0005\000.\0002\000.\0002\000\040\000D\000C\000B\117\356\153\143\173\126\165\145\213\276\213\241}{section.5.2}% 60
\BOOKMARK [2][-]{subsection.5.2.3}{\376\377\0005\000.\0002\000.\0003\000\040\000P\000P\000P\211\343\173\227\221\115\177\156\116\016\133\236\232\214\122\006\176\304}{section.5.2}% 61
\BOOKMARK [2][-]{subsection.5.2.4}{\376\377\0005\000.\0002\000.\0004\000\040\140\047\200\375\213\304\116\367\143\007\150\007}{section.5.2}% 62
\BOOKMARK [1][-]{section.5.3}{\376\377\0005\000.\0003\000\040\133\236\232\214\176\323\147\234\122\006\147\220}{chapter.5}% 63
\BOOKMARK [2][-]{subsection.5.3.1}{\376\377\0005\000.\0003\000.\0001\000\040\227\136\135\356\227\136\176\304\124\010\000\040\000P\000P\000P\000\040\117\177\165\050\116\015\124\014\000D\000C\000B\173\126\165\145\133\236\232\214\176\323\147\234}{section.5.3}% 64
\BOOKMARK [2][-]{subsection.5.3.2}{\376\377\0005\000.\0003\000.\0002\000\040\123\125\230\221\000\040\000P\000P\000P\000\040\117\177\165\050\116\015\124\014\000\040\000D\000C\000B\000\040\173\126\165\145\133\236\232\214\176\323\147\234}{section.5.3}% 65
\BOOKMARK [1][-]{section.5.4}{\376\377\0005\000.\0004\000\040\147\054\172\340\134\017\202\202}{chapter.5}% 66
\BOOKMARK [0][]{chapter.6}{\376\377\173\054\000\040\0006\000\040\172\340\000\040\140\073\176\323\116\016\134\125\147\033}{}% 67
\BOOKMARK [1][-]{section.6.1}{\376\377\0006\000.\0001\000\040\121\150\145\207\140\073\176\323}{chapter.6}% 68
\BOOKMARK [1][-]{section.6.2}{\376\377\0006\000.\0002\000\040\170\024\172\166\134\125\147\033}{chapter.6}% 69
\BOOKMARK [0][]{chapter*.116}{\376\377\123\302\200\003\145\207\163\056}{}% 70
\BOOKMARK [0][]{appendix.A}{\376\377\226\104\137\125\000\040\000A\000\040}{}% 71
\BOOKMARK [0][]{section*.117}{\376\377\201\364\214\042}{}% 72
\BOOKMARK [0][]{section*.119}{\376\377\133\146\147\057\213\272\145\207\124\214\171\321\170\024\142\020\147\234\166\356\137\125}{}% 73
\BOOKMARK [0][]{section*.123}{\376\377\116\052\116\272\173\200\123\206}{}% 74
\BOOKMARK [0][]{sjtubookmark.8.0}{\376\377\131\047\144\130\211\201}{}% 75
